================================================================================
Usuario  1: ADMIN
Data      : 21/08/20
Horas     : 19:42:50
SubSystem : BASE
SubCode   : 1073
Variavel  : <
Arquivo   : 
Area      : MEM0097311
Indice    : Codigo
Descricao : Erro nos parƒmetros
Explanacao: ERRO NAO DOCUMENTADO.
Acao      : IMPRIMA ESTA TELA. E ENTRE EM CONTATO COM O
Acao++    : SUPORTE TECNICO ATRAVES DO TEL (69)3451.3085 ou SUPORTE@MACROSOFT.COM.BR
--------------------------------------------------------------------------------
PILHA DE CARGA
                Linha : 001168    Proc : GET:PUTMASK
                Linha : 000386    Proc : GET:RESET
                Linha : 000856    Proc : GETPOSTVALIDATE
                Linha : 000159    Proc : GETREADER
                Linha : 000116    Proc : READMODAL
                Linha : 002558    Proc : XINCLUIREGISTRO
                Linha : 000215    Proc : ORCAMENTO
                Linha : 000242    Proc : MAIN$
================================================================================
