----------------------------------------------------------------------------------------------------------------------------------------
TIPO   CODI  DOCTO N§  HORA     DATA DOS USUARIO    CAIX       VALOR RECIBO HISTORICO
----------------------------------------------------------------------------------------------------------------------------------------
RECIBO 01327 0018654-A 07:50:28 30/01/09 ADMIN      0001              56,40 D                                                            
----------------------------------------------------------------------------------------------------------------------------------------
TIPO   CODI  DOCTO N§  HORA     DATA DOS USUARIO    CAIX       VALOR RECIBO HISTORICO
----------------------------------------------------------------------------------------------------------------------------------------
RECIBO 03875 0019311-A 12:12:42 09/02/09 ADMIN      0004             194,40 PAG                                                          
----------------------------------------------------------------------------------------------------------------------------------------
TIPO   CODI  DOCTO N§  HORA     DATA DOS USUARIO    CAIX       VALOR RECIBO HISTORICO
----------------------------------------------------------------------------------------------------------------------------------------
RECIBO 01153 0019253-B 10:37:50 19/02/09 THALES     0003             168,94 PAG CADEIRA                                                  
----------------------------------------------------------------------------------------------------------------------------------------
TIPO   CODI  DOCTO N§  HORA     DATA DOS USUARIO    CAIX       VALOR RECIBO HISTORICO
----------------------------------------------------------------------------------------------------------------------------------------
RECIBO 01153 0019253-B 09:49:19 20/02/09 THALES     0003             169,28 PAG CADEIRA                                                  
----------------------------------------------------------------------------------------------------------------------------------------
TIPO   CODI  DOCTO N§  HORA     DATA DOS USUARIO    CAIX       VALOR RECIBO HISTORICO
----------------------------------------------------------------------------------------------------------------------------------------
RECIBO 01153 0019253-B 16:43:52 25/02/09 THALES     0003             170,98 PAG TX CADEIRA                                               
RECIBO 03998 0019312-A 19:08:33 25/02/09 THALES     0003              45,00 PAG TX. FORMATACAO                                           
RECIBO 03998 0019312-A 19:11:37 25/02/09 THALES     0003              45,00 PAG TX FORMATACAO                                            
----------------------------------------------------------------------------------------------------------------------------------------
TIPO   CODI  DOCTO N§  HORA     DATA DOS USUARIO    CAIX       VALOR RECIBO HISTORICO
----------------------------------------------------------------------------------------------------------------------------------------
RECIBO 01803 0000003-5 15:38:36 11/03/09 ALTAIR     0022             687,40 PAGAMENTO MENSALIDADE INTERNET                               
----------------------------------------------------------------------------------------------------------------------------------------
TIPO   CODI  DOCTO N§  HORA     DATA DOS USUARIO    CAIX       VALOR RECIBO HISTORICO
----------------------------------------------------------------------------------------------------------------------------------------
RECIBO 01153 0019253-B 08:37:20 24/03/09 BRUNO      0021             180,16 ACERTO                                                       
RECIBO 01153 0019253-B 11:44:19 24/03/09 BRUNO      0021             180,16 PAGTO DA CADEIRA                                             
----------------------------------------------------------------------------------------------------------------------------------------
TIPO   CODI  DOCTO N§  HORA     DATA DOS USUARIO    CAIX       VALOR RECIBO HISTORICO
----------------------------------------------------------------------------------------------------------------------------------------
RECIBO 04054 0019333-B 10:43:16 11/04/09 THALES     0003              94,00 PAG TX. FORMATACAO PC                                        
----------------------------------------------------------------------------------------------------------------------------------------
TIPO   CODI  DOCTO N§  HORA     DATA DOS USUARIO    CAIX       VALOR RECIBO HISTORICO
----------------------------------------------------------------------------------------------------------------------------------------
RECIBO 04056 0019340-A 17:41:45 24/04/09 THALES     0003              32,00 PAG TX FORMATACAO                                            
----------------------------------------------------------------------------------------------------------------------------------------
TIPO   CODI  DOCTO N§  HORA     DATA DOS USUARIO    CAIX       VALOR RECIBO HISTORICO
----------------------------------------------------------------------------------------------------------------------------------------
RECIBO 00057 0019352-A 09:41:03 14/05/09 BRUNO      0021             270,00 PAGTO TELEFONE SIEMENS EUROSET3005                           
----------------------------------------------------------------------------------------------------------------------------------------
TIPO   CODI  DOCTO N§  HORA     DATA DOS USUARIO    CAIX       VALOR RECIBO HISTORICO
----------------------------------------------------------------------------------------------------------------------------------------
RECIBO 00075 0019372-A 09:12:45 19/08/09 ADMIN      0004              60,00 PAG SERVICO CPU                                              
----------------------------------------------------------------------------------------------------------------------------------------
TIPO   CODI  DOCTO N§  HORA     DATA DOS USUARIO    CAIX       VALOR RECIBO HISTORICO
----------------------------------------------------------------------------------------------------------------------------------------
RECIBO 04020 0019378-A 09:40:59 26/10/09 ALTAIR     0022             197,64 REF. PAG. I PARCELA DE 3, COMPRA NOBREAK.                    
RECIBO 04020 0019378-A 15:07:25 26/10/09 ALTAIR     0022             183,00 REF COMPRE NOBREAK I DE TRES PARCELAS.                       
----------------------------------------------------------------------------------------------------------------------------------------
TIPO   CODI  DOCTO N§  HORA     DATA DOS USUARIO    CAIX       VALOR RECIBO HISTORICO
----------------------------------------------------------------------------------------------------------------------------------------
RECIBO 01338 0019383-A 15:19:08 27/10/09 ALTAIR     0022              35,00 SUPOTE PARA CPU.                                             
----------------------------------------------------------------------------------------------------------------------------------------
TIPO   CODI  DOCTO N§  HORA     DATA DOS USUARIO    CAIX       VALOR RECIBO HISTORICO
----------------------------------------------------------------------------------------------------------------------------------------
RECIBO 04020 R019378-A 13:47:57 10/11/09 ALTAIR     0022              34,65 REF REST PARC 1 DE TRES.                                     
RECIBO 04020 0019378-B 13:48:32 10/11/09 ALTAIR     0022             187,88 REF ACERTO DE PARC 2 DE TRES                                 
----------------------------------------------------------------------------------------------------------------------------------------
TIPO   CODI  DOCTO N§  HORA     DATA DOS USUARIO    CAIX       VALOR RECIBO HISTORICO
----------------------------------------------------------------------------------------------------------------------------------------
RECIBO 04020 0019378-C 14:28:55 09/12/09 ALTAIR     0022             185,39 PGTO NOBREIK                                                 
=================================================================================================================================================================================
TIPO   CODI  NOME CLIENTE                             DOCTO N§  HORA    DATA_OS  USUARIO    CAIX       VALOR RECIBO HISTORICO
---------------------------------------------------------------------------------------------------------------------------------------------------------------------------------
RECIBO 00000 AMAURI DE SOUZA SANTOS                 * 0019389-A 12:00:56 27/02/10 THALES     0003              12,00 PAG PARCIAL MENSALIDADE INTERNET.                            
=================================================================================================================================================================================
TIPO   CODI  NOME CLIENTE                             DOCTO N§  HORA    DATA_OS  USUARIO    CAIX       VALOR RECIBO HISTORICO
---------------------------------------------------------------------------------------------------------------------------------------------------------------------------------
RECIBO 04068                                          0019391-A 16:29:24 12/04/10 THALES     0003              41,40 PAG PARCIAL MENSALIDADE INTERNET.                            
=================================================================================================================================================================================
TIPO   CODI  NOME CLIENTE                             DOCTO N§  HORA    DATA_OS  USUARIO    CAIX       VALOR RECIBO HISTORICO
---------------------------------------------------------------------------------------------------------------------------------------------------------------------------------
RECIBO 04072                                          0019397-A 17:07:23 14/07/10 THALES     0003              60,00 PAG PARCIAL DISCO RIGIDO 80 GB.                              
=================================================================================================================================================================================
TIPO   CODI  NOME CLIENTE                             DOCTO N§  HORA    DATA_OS  USUARIO    CAIX       VALOR RECIBO HISTORICO
---------------------------------------------------------------------------------------------------------------------------------------------------------------------------------
RECIBO 01153 JOSE BARROS DA CUNHA                     R019253-B 10:05:54 26/07/10 THALES     0003              44,78 PAG PARCIAL CADEIRA ESTOF GIRA TP PRESIDENTE                 
RECIBO 01153 JOSE BARROS DA CUNHA                     R019253-B 10:06:05 26/07/10 THALES     0003              44,78 PAG CADEIRA ESTOF GIRA TP PRESIDENTE                         
=================================================================================================================================================================================
TIPO   CODI  NOME CLIENTE                             DOCTO N§  HORA    DATA_OS  USUARIO    CAIX       VALOR RECIBO HISTORICO
---------------------------------------------------------------------------------------------------------------------------------------------------------------------------------
RECIBO 04072                                          R019397-A 16:40:39 09/08/10 THALES     0003              61,00 PAG PARCIAL DISCO RIGIDO.                                    
=================================================================================================================================================================================
TIPO   CODI  NOME CLIENTE                             DOCTO N§  HORA    DATA_OS  USUARIO    CAIX       VALOR RECIBO HISTORICO
---------------------------------------------------------------------------------------------------------------------------------------------------------------------------------
RECIBO 04074 SANDRA REGINA RODRIGUES REICHAMBACH      0020208-A 09:12:41 13/09/10 THALES     0003              45,00 PAG PARCIAL CAIXA DE SOM.                                    
=================================================================================================================================================================================
TIPO   CODI  NOME CLIENTE                             DOCTO N§  HORA    DATA_OS  USUARIO    CAIX       VALOR RECIBO HISTORICO
---------------------------------------------------------------------------------------------------------------------------------------------------------------------------------
RECIBO 04074                                          0020208-B 09:06:25 08/10/10 THALES     0003              45,00 PAG TX CAIXA DE SOM.                                         
=================================================================================================================================================================================
TIPO   CODI  NOME CLIENTE                             DOCTO N§  HORA    DATA_OS  USUARIO    CAIX       VALOR RECIBO HISTORICO
---------------------------------------------------------------------------------------------------------------------------------------------------------------------------------
RECIBO 04076 ELIO SOARES DE CAMARGO                   0020212-A 08:31:10 11/11/10 THALES     0003              21,00 PAG TX TECLADO PARCIAL.                                      
=================================================================================================================================================================================
TIPO   CODI  NOME CLIENTE                             DOCTO N§  HORA    DATA_OS  USUARIO    CAIX       VALOR RECIBO HISTORICO
---------------------------------------------------------------------------------------------------------------------------------------------------------------------------------
RECIBO 04076 ELIO SOARES DE CAMARGO                   0020212-B 08:46:14 13/12/10 THALES     0003              21,00 PAG PARCIAL TECLADO.                                         
=================================================================================================================================================================================
TIPO   CODI  NOME CLIENTE                             DOCTO N§  HORA    DATA_OS  USUARIO    CAIX       VALOR RECIBO HISTORICO
---------------------------------------------------------------------------------------------------------------------------------------------------------------------------------
RECIBO 00000 VENDAS A VISTA                           0020217-A 15:24:20 15/02/11 THALES     0003               8,00 PAG CABO SATA DADOS.                                         
=================================================================================================================================================================================
TIPO   CODI  NOME CLIENTE                             DOCTO N§  HORA    DATA_OS  USUARIO    CAIX       VALOR RECIBO HISTORICO
---------------------------------------------------------------------------------------------------------------------------------------------------------------------------------
RECIBO 04083 EMERSON ELIAS ROCHA VIEIRA               020224-03 09:58:42 10/12/11 THALES     0003              20,00 PAG PARCIAL MESA.                                            
=================================================================================================================================================================================
TIPO   CODI  NOME CLIENTE                             DOCTO N§  HORA    DATA_OS  USUARIO    CAIX       VALOR RECIBO HISTORICO
---------------------------------------------------------------------------------------------------------------------------------------------------------------------------------
RECIBO 04083 EMERSON ELIAS ROCHA VIEIRA               R20224-03 11:34:18 17/01/12 THALES     0003              20,00 PAG PARCIAL CONJUNTO DE MESA.                                
RECIBO 04083 EMERSON ELIAS ROCHA VIEIRA               020224-04 11:34:28 17/01/12 THALES     0003              20,00 PAG PARCIAL CONJUNTO DE MESA.                                
=================================================================================================================================================================================
TIPO   CODI  NOME CLIENTE                             DOCTO N§  HORA    DATA_OS  USUARIO    CAIX       VALOR RECIBO HISTORICO
---------------------------------------------------------------------------------------------------------------------------------------------------------------------------------
RECIBO 04083 EMERSON ELIAS ROCHA VIEIRA               R20224-04 11:37:40 12/03/12 THALES     0003              20,00 PAG PARCIAL MENSALIDADE INTERNET.                            
RECIBO 04083 EMERSON ELIAS ROCHA VIEIRA               020224-05 11:37:46 12/03/12 THALES     0003              20,00 PAG PARCIAL MENSALIDADE INTERNET.                            
=================================================================================================================================================================================
TIPO   CODI  NOME CLIENTE                             DOCTO N§  HORA    DATA_OS  USUARIO    CAIX       VALOR RECIBO HISTORICO
---------------------------------------------------------------------------------------------------------------------------------------------------------------------------------
RECIBO 04083 EMERSON ELIAS ROCHA VIEIRA               R20224-05 16:21:06 30/05/12 THALES     0003              20,00 PAG PARCIAL MESA                                             
RECIBO 04083 EMERSON ELIAS ROCHA VIEIRA               020224-06 16:21:17 30/05/12 THALES     0003              40,00 PAG PARCIAL MESA                                             
RECIBO 04083 EMERSON ELIAS ROCHA VIEIRA               020224-07 16:21:23 30/05/12 THALES     0003              40,00 PAG PARCIAL MESA                                             
=================================================================================================================================================================================
TIPO   CODI  NOME CLIENTE                             DOCTO N§  HORA    DATA_OS  USUARIO    CAIX       VALOR RECIBO HISTORICO
---------------------------------------------------------------------------------------------------------------------------------------------------------------------------------
RECIBO 04083 EMERSON ELIAS ROCHA VIEIRA               020224-08 19:42:34 13/07/12 THALES     0003              20,00 PAG PARCIAL MESA.                                            
==========================================================================================================================================================================================
TIPO   CODI  NOME CLIENTE                             DOCTO N§  VENCTO   HORA     DATA_OS  USUARIO    CAIX       VALOR RECIBO HISTORICO
------------------------------------------------------------------------------------------------------------------------------------------------------------------------------------------
RECIBO 01803 ADRIANO FREIRE DA SILVA                  0000003-5 05/02/06 00:03:56 01/01/03 ADMIN      0004               1,00 PAG PARCIAL SERVICOS DE INTERNET.                            
==========================================================================================================================================================================================
TIPO   CODI  NOME CLIENTE                             DOCTO N§  VENCTO   HORA     DATA_OS  USUARIO    CAIX       VALOR RECIBO HISTORICO
------------------------------------------------------------------------------------------------------------------------------------------------------------------------------------------
RECIBO 01803 ADRIANO FREIRE DA SILVA                  0000003-5 05/02/06 03:43:07 05/06/15 ADMIN      0004               1,00 PAG PARCIAL SERVICOS DE INTERNET.                            
RECIBO 01803 ADRIANO FREIRE DA SILVA                  0000003-5 05/02/06 03:44:53 05/06/15 ADMIN      0004               1,00 PAG PARCIAL SERVICOS DE INTERNET.                            
==========================================================================================================================================================================================
TIPO   CODI  NOME CLIENTE                             DOCTO N§  VENCTO   HORA     DATA_OS  USUARIO    CAIX       VALOR RECIBO HISTORICO
------------------------------------------------------------------------------------------------------------------------------------------------------------------------------------------
RECIBO 00196 JOSE BATISTA DOS SANTOS ACOUGUE          0018881-A 05/09/07 01:49:14 23/06/15 ADMIN      0004               1,00 TESTE                                                        
